#
# There is insufficient memory for the Java Runtime Environment to continue.
# Native memory allocation (malloc) failed to allocate 800016 bytes. Error detail: Chunk::new
# Possible reasons:
#   The system is out of physical RAM or swap space
#   This process is running with CompressedOops enabled, and the Java Heap may be blocking the growth of the native heap
# Possible solutions:
#   Reduce memory load on the system
#   Increase physical memory or swap space
#   Check if swap backing store is full
#   Decrease Java heap size (-Xmx/-Xms)
#   Decrease number of Java threads
#   Decrease Java thread stack sizes (-Xss)
#   Set larger code cache with -XX:ReservedCodeCacheSize=
#   JVM is running with Unscaled Compressed Oops mode in which the Java heap is
#     placed in the first 4GB address space. The Java Heap base address is the
#     maximum limit for the native heap growth. Please use -XX:HeapBaseMinAddress
#     to set the Java Heap base and to place the Java Heap above 4GB virtual address.
# This output file may be truncated or incomplete.
#
#  Out of Memory Error (arena.cpp:168), pid=20144, tid=20792
#
# JRE version: OpenJDK Runtime Environment Temurin-21.0.9+10 (21.0.9+10) (build 21.0.9+10-LTS)
# Java VM: OpenJDK 64-Bit Server VM Temurin-21.0.9+10 (21.0.9+10-LTS, mixed mode, sharing, tiered, compressed oops, compressed class ptrs, parallel gc, windows-amd64)
# No core dump will be written. Minidumps are not enabled by default on client versions of Windows
#

---------------  S U M M A R Y ------------

Command Line: --add-modules=ALL-SYSTEM --add-opens=java.base/java.util=ALL-UNNAMED --add-opens=java.base/java.lang=ALL-UNNAMED --add-opens=java.base/sun.nio.fs=ALL-UNNAMED -Declipse.application=org.eclipse.jdt.ls.core.id1 -Dosgi.bundles.defaultStartLevel=4 -Declipse.product=org.eclipse.jdt.ls.core.product -Djava.import.generatesMetadataFilesAtProjectRoot=false -DDetectVMInstallationsJob.disabled=true -Dfile.encoding=utf8 -XX:+UseParallelGC -XX:GCTimeRatio=4 -XX:AdaptiveSizePolicyWeight=90 -Dsun.zip.disableMemoryMapping=true -Xmx2G -Xms100m -Xlog:disable -javaagent:c:\Users\kieul\.vscode\extensions\redhat.java-1.51.0-win32-x64\lombok\lombok-1.18.39-4050.jar c:\Users\kieul\.vscode\extensions\redhat.java-1.51.0-win32-x64\server\plugins\org.eclipse.equinox.launcher_1.7.100.v20251111-0406.jar -configuration c:\Users\kieul\AppData\Roaming\Code\User\globalStorage\redhat.java\1.51.0\config_ss_win -data c:\Users\kieul\AppData\Roaming\Code\User\workspaceStorage\ccdd0337caa2849990c32feb18a12af6\redhat.java\ss_ws --pipe=\\.\pipe\lsp-b88e4a150f5a6db5c248e97ab819f72f-sock

Host: 11th Gen Intel(R) Core(TM) i5-1135G7 @ 2.40GHz, 8 cores, 7G,  Windows 11 , 64 bit Build 26100 (10.0.26100.7309)
Time: Mon Jan 19 16:10:33 2026 SE Asia Standard Time elapsed time: 4.177190 seconds (0d 0h 0m 4s)

---------------  T H R E A D  ---------------

Current thread (0x0000025978a11fd0):  JavaThread "C2 CompilerThread1" daemon [_thread_in_native, id=20792, stack(0x000000b339b00000,0x000000b339c00000) (1024K)]


Current CompileTask:
C2:4177 2560       4       java.lang.invoke.MethodType::makeImpl (109 bytes)

Stack: [0x000000b339b00000,0x000000b339c00000]
Native frames: (J=compiled Java code, j=interpreted, Vv=VM code, C=native code)
V  [jvm.dll+0x6d6e29]
V  [jvm.dll+0x8b4b76]
V  [jvm.dll+0x8b712e]
V  [jvm.dll+0x8b7813]
V  [jvm.dll+0x283d86]
V  [jvm.dll+0xc66ed]
V  [jvm.dll+0xc6c31]
V  [jvm.dll+0x2facee]
V  [jvm.dll+0x5fde44]
V  [jvm.dll+0x255557]
V  [jvm.dll+0x24d994]
V  [jvm.dll+0x24b482]
V  [jvm.dll+0x1cb13e]
V  [jvm.dll+0x25b29d]
V  [jvm.dll+0x25982a]
V  [jvm.dll+0x3f7ea6]
V  [jvm.dll+0x85e9ad]
V  [jvm.dll+0x6d565d]
C  [ucrtbase.dll+0x37b0]
C  [KERNEL32.DLL+0x2e8d7]
C  [ntdll.dll+0x8c53c]


---------------  P R O C E S S  ---------------

Threads class SMR info:
_java_thread_list=0x0000025978788840, length=20, elements={
0x000002591a89b050, 0x000002591a80d050, 0x000002591a810430, 0x000002591a813f90,
0x000002591a8169f0, 0x000002591a818ad0, 0x000002591a81f380, 0x000002591a82a030,
0x000002591a831640, 0x0000025973d7ee90, 0x0000025973d7f520, 0x0000025973d80240,
0x0000025973d80f60, 0x0000025973d7e800, 0x0000025973d7fbb0, 0x0000025978a11fd0,
0x0000025973d808d0, 0x0000025973d815f0, 0x0000025973d7e170, 0x0000025978ca46c0
}

Java Threads: ( => current thread )
  0x000002591a89b050 JavaThread "main"                              [_thread_blocked, id=14844, stack(0x000000b338200000,0x000000b338300000) (1024K)]
  0x000002591a80d050 JavaThread "Reference Handler"          daemon [_thread_blocked, id=1312, stack(0x000000b338600000,0x000000b338700000) (1024K)]
  0x000002591a810430 JavaThread "Finalizer"                  daemon [_thread_blocked, id=15828, stack(0x000000b338700000,0x000000b338800000) (1024K)]
  0x000002591a813f90 JavaThread "Signal Dispatcher"          daemon [_thread_blocked, id=10492, stack(0x000000b338800000,0x000000b338900000) (1024K)]
  0x000002591a8169f0 JavaThread "Attach Listener"            daemon [_thread_blocked, id=4292, stack(0x000000b338900000,0x000000b338a00000) (1024K)]
  0x000002591a818ad0 JavaThread "Service Thread"             daemon [_thread_blocked, id=13780, stack(0x000000b338a00000,0x000000b338b00000) (1024K)]
  0x000002591a81f380 JavaThread "Monitor Deflation Thread"   daemon [_thread_blocked, id=14220, stack(0x000000b338b00000,0x000000b338c00000) (1024K)]
  0x000002591a82a030 JavaThread "C2 CompilerThread0"         daemon [_thread_in_native, id=16868, stack(0x000000b338c00000,0x000000b338d00000) (1024K)]
  0x000002591a831640 JavaThread "C1 CompilerThread0"         daemon [_thread_in_native, id=21284, stack(0x000000b338d00000,0x000000b338e00000) (1024K)]
  0x0000025973d7ee90 JavaThread "Common-Cleaner"             daemon [_thread_blocked, id=1612, stack(0x000000b338e00000,0x000000b338f00000) (1024K)]
  0x0000025973d7f520 JavaThread "Notification Thread"        daemon [_thread_blocked, id=15616, stack(0x000000b339000000,0x000000b339100000) (1024K)]
  0x0000025973d80240 JavaThread "Active Thread: Equinox Container: 3a75b354-8a70-4abf-b76f-cddc1d46f5b7"        [_thread_blocked, id=23112, stack(0x000000b339100000,0x000000b339200000) (1024K)]
  0x0000025973d80f60 JavaThread "Framework Event Dispatcher: Equinox Container: 3a75b354-8a70-4abf-b76f-cddc1d46f5b7" daemon [_thread_blocked, id=21908, stack(0x000000b339800000,0x000000b339900000) (1024K)]
  0x0000025973d7e800 JavaThread "Start Level: Equinox Container: 3a75b354-8a70-4abf-b76f-cddc1d46f5b7" daemon [_thread_in_vm, id=22808, stack(0x000000b339900000,0x000000b339a00000) (1024K)]
  0x0000025973d7fbb0 JavaThread "SCR Component Actor"        daemon [_thread_blocked, id=3872, stack(0x000000b338f00000,0x000000b339000000) (1024K)]
=>0x0000025978a11fd0 JavaThread "C2 CompilerThread1"         daemon [_thread_in_native, id=20792, stack(0x000000b339b00000,0x000000b339c00000) (1024K)]
  0x0000025973d808d0 JavaThread "Worker-JM"                         [_thread_blocked, id=7868, stack(0x000000b339d00000,0x000000b339e00000) (1024K)]
  0x0000025973d815f0 JavaThread "JNA Cleaner"                daemon [_thread_blocked, id=7100, stack(0x000000b339c00000,0x000000b339d00000) (1024K)]
  0x0000025973d7e170 JavaThread "Worker-0"                          [_thread_blocked, id=19588, stack(0x000000b339e00000,0x000000b339f00000) (1024K)]
  0x0000025978ca46c0 JavaThread "Worker-1"                          [_thread_blocked, id=19904, stack(0x000000b339f00000,0x000000b33a000000) (1024K)]
Total: 20

Other Threads:
  0x000002591a95e7c0 VMThread "VM Thread"                           [id=8168, stack(0x000000b338500000,0x000000b338600000) (1024K)]
  0x000002591a9069c0 WatcherThread "VM Periodic Task Thread"        [id=15992, stack(0x000000b338400000,0x000000b338500000) (1024K)]
  0x000002591a8ba890 WorkerThread "GC Thread#0"                     [id=19192, stack(0x000000b338300000,0x000000b338400000) (1024K)]
  0x000002597867d6a0 WorkerThread "GC Thread#1"                     [id=11656, stack(0x000000b339200000,0x000000b339300000) (1024K)]
  0x000002597867da40 WorkerThread "GC Thread#2"                     [id=10764, stack(0x000000b339300000,0x000000b339400000) (1024K)]
  0x0000025978390710 WorkerThread "GC Thread#3"                     [id=4460, stack(0x000000b339400000,0x000000b339500000) (1024K)]
  0x0000025978390ab0 WorkerThread "GC Thread#4"                     [id=16644, stack(0x000000b339500000,0x000000b339600000) (1024K)]
  0x0000025978390e50 WorkerThread "GC Thread#5"                     [id=13996, stack(0x000000b339600000,0x000000b339700000) (1024K)]
  0x00000259783911f0 WorkerThread "GC Thread#6"                     [id=21188, stack(0x000000b339700000,0x000000b339800000) (1024K)]
  0x00000259786daa30 WorkerThread "GC Thread#7"                     [id=10944, stack(0x000000b339a00000,0x000000b339b00000) (1024K)]
Total: 10

Threads with active compile tasks:
C2 CompilerThread0  4224 2588       4       org.lombokweb.asm.ClassReader::readUtf (44 bytes)
C1 CompilerThread0  4224 2604   !   3       org.eclipse.osgi.container.Module::start (662 bytes)
C2 CompilerThread1  4225 2560       4       java.lang.invoke.MethodType::makeImpl (109 bytes)
Total: 3

VM state: not at safepoint (normal execution)

VM Mutex/Monitor currently owned by a thread:  ([mutex/lock_event])
[0x00007ffef0fbb4f0] Metaspace_lock - owner thread: 0x0000025973d7e800

Heap address: 0x0000000080000000, size: 2048 MB, Compressed Oops mode: 32-bit

CDS archive(s) mapped at: [0x0000025932000000-0x0000025932ba0000-0x0000025932ba0000), size 12189696, SharedBaseAddress: 0x0000025932000000, ArchiveRelocationMode: 1.
Compressed class space mapped at: 0x0000025933000000-0x0000025973000000, reserved size: 1073741824
Narrow klass base: 0x0000025932000000, Narrow klass shift: 0, Narrow klass range: 0x100000000

GC Precious Log:
 CardTable entry size: 512
 CPUs: 8 total, 8 available
 Memory: 7926M
 Large Page Support: Disabled
 NUMA Support: Disabled
 Compressed Oops: Enabled (32-bit)
 Alignments: Space 512K, Generation 512K, Heap 2M
 Heap Min Capacity: 100M
 Heap Initial Capacity: 100M
 Heap Max Capacity: 2G
 Pre-touch: Disabled
 Parallel Workers: 8

Heap:
 PSYoungGen      total 29696K, used 28912K [0x00000000d5580000, 0x00000000d7680000, 0x0000000100000000)
  eden space 25600K, 97% used [0x00000000d5580000,0x00000000d6dc0268,0x00000000d6e80000)
  from space 4096K, 99% used [0x00000000d6e80000,0x00000000d727bf30,0x00000000d7280000)
  to   space 4096K, 0% used [0x00000000d7280000,0x00000000d7280000,0x00000000d7680000)
 ParOldGen       total 68608K, used 2899K [0x0000000080000000, 0x0000000084300000, 0x00000000d5580000)
  object space 68608K, 4% used [0x0000000080000000,0x00000000802d4ff8,0x0000000084300000)
 Metaspace       used 16829K, committed 17472K, reserved 1114112K
  class space    used 1771K, committed 2048K, reserved 1048576K

Card table byte_map: [0x000002591a240000,0x000002591a650000] _byte_map_base: 0x0000025919e40000

Marking Bits: (ParMarkBitMap*) 0x00007ffef0fc2460
 Begin Bits: [0x000002592cd50000, 0x000002592ed50000)
 End Bits:   [0x000002592ed50000, 0x0000025930d50000)

Polling page: 0x0000025918730000

Metaspace:

Usage:
  Non-class:     14.70 MB used.
      Class:      1.73 MB used.
       Both:     16.43 MB used.

Virtual space:
  Non-class space:       64.00 MB reserved,      15.06 MB ( 24%) committed,  1 nodes.
      Class space:        1.00 GB reserved,       2.00 MB ( <1%) committed,  1 nodes.
             Both:        1.06 GB reserved,      17.06 MB (  2%) committed. 

Chunk freelists:
   Non-Class:  496.00 KB
       Class:  13.94 MB
        Both:  14.43 MB

MaxMetaspaceSize: unlimited
CompressedClassSpaceSize: 1.00 GB
Initial GC threshold: 21.00 MB
Current GC threshold: 21.00 MB
CDS: on
 - commit_granule_bytes: 65536.
 - commit_granule_words: 8192.
 - virtual_space_node_default_size: 8388608.
 - enlarge_chunks_in_place: 1.
 - use_allocation_guard: 0.


Internal statistics:

num_allocs_failed_limit: 0.
num_arena_births: 502.
num_arena_deaths: 0.
num_vsnodes_births: 2.
num_vsnodes_deaths: 0.
num_space_committed: 273.
num_space_uncommitted: 0.
num_chunks_returned_to_freelist: 0.
num_chunks_taken_from_freelist: 1128.
num_chunk_merges: 0.
num_chunk_splits: 710.
num_chunks_enlarged: 450.
num_inconsistent_stats: 0.

CodeHeap 'non-profiled nmethods': size=120000Kb used=1107Kb max_used=1107Kb free=118892Kb
 bounds [0x0000025925570000, 0x00000259257e0000, 0x000002592caa0000]
CodeHeap 'profiled nmethods': size=120000Kb used=4936Kb max_used=4936Kb free=115063Kb
 bounds [0x000002591daa0000, 0x000002591df80000, 0x0000025924fd0000]
CodeHeap 'non-nmethods': size=5760Kb used=1282Kb max_used=1296Kb free=4477Kb
 bounds [0x0000025924fd0000, 0x0000025925240000, 0x0000025925570000]
CodeCache: size=245760Kb, used=7325Kb, max_used=7339Kb, free=238432Kb
 total_blobs=3146, nmethods=2597, adapters=455, full_count=0
Compilation: enabled, stopped_count=0, restarted_count=0

Compilation events (20 events):
Event: 4.114 Thread 0x000002591a831640 2573       1       org.eclipse.osgi.storage.BundleInfo::getStorage (5 bytes)
Event: 4.114 Thread 0x000002591a831640 nmethod 2573 0x0000025925683210 code [0x00000259256833a0, 0x0000025925683468]
Event: 4.116 Thread 0x000002591a82a030 2574       4       java.util.zip.ZipFile$Source::isMetaName (141 bytes)
Event: 4.117 Thread 0x000002591a831640 2576       3       java.lang.ThreadLocal$ThreadLocalMap::nextIndex (15 bytes)
Event: 4.117 Thread 0x000002591a831640 nmethod 2576 0x000002591df58e10 code [0x000002591df58fa0, 0x000002591df590d8]
Event: 4.119 Thread 0x000002591a82a030 nmethod 2574 0x0000025925683510 code [0x00000259256836c0, 0x0000025925683908]
Event: 4.119 Thread 0x000002591a82a030 2575       4       java.util.zip.ZipFile$Source::nextEntryPos (22 bytes)
Event: 4.121 Thread 0x000002591a82a030 nmethod 2575 0x0000025925683b10 code [0x0000025925683ca0, 0x0000025925683e00]
Event: 4.147 Thread 0x000002591a82a030 2577       4       java.util.HashSet::contains (9 bytes)
Event: 4.154 Thread 0x000002591a82a030 nmethod 2577 0x0000025925683f90 code [0x0000025925684160, 0x00000259256844c8]
Event: 4.166 Thread 0x000002591a831640 2579       3       jdk.internal.org.objectweb.asm.ClassWriter::visit (160 bytes)
Event: 4.167 Thread 0x000002591a831640 nmethod 2579 0x000002591df59190 code [0x000002591df593c0, 0x000002591df59b20]
Event: 4.167 Thread 0x000002591a831640 2580       3       jdk.internal.org.objectweb.asm.SymbolTable::setMajorVersionAndClassName (19 bytes)
Event: 4.167 Thread 0x000002591a831640 nmethod 2580 0x000002591df59f90 code [0x000002591df5a140, 0x000002591df5a308]
Event: 4.167 Thread 0x000002591a831640 2581       3       java.lang.invoke.MethodHandles$Lookup::getDirectConstructorCommon (69 bytes)
Event: 4.168 Thread 0x000002591a831640 nmethod 2581 0x000002591df5a410 code [0x000002591df5a620, 0x000002591df5ab40]
Event: 4.168 Thread 0x000002591a831640 2582       3       java.lang.Double::parseDouble (5 bytes)
Event: 4.168 Thread 0x000002591a831640 nmethod 2582 0x000002591df5ad90 code [0x000002591df5af60, 0x000002591df5b1a0]
Event: 4.168 Thread 0x000002591a831640 2583       3       jdk.internal.math.FloatingDecimal::parseDouble (10 bytes)
Event: 4.168 Thread 0x000002591a831640 nmethod 2583 0x000002591df5b290 code [0x000002591df5b440, 0x000002591df5b628]

GC Heap History (6 events):
Event: 1.617 GC heap before
{Heap before GC invocations=1 (full 0):
 PSYoungGen      total 29696K, used 25600K [0x00000000d5580000, 0x00000000d7680000, 0x0000000100000000)
  eden space 25600K, 100% used [0x00000000d5580000,0x00000000d6e80000,0x00000000d6e80000)
  from space 4096K, 0% used [0x00000000d7280000,0x00000000d7280000,0x00000000d7680000)
  to   space 4096K, 0% used [0x00000000d6e80000,0x00000000d6e80000,0x00000000d7280000)
 ParOldGen       total 68608K, used 0K [0x0000000080000000, 0x0000000084300000, 0x00000000d5580000)
  object space 68608K, 0% used [0x0000000080000000,0x0000000080000000,0x0000000084300000)
 Metaspace       used 4321K, committed 4544K, reserved 1114112K
  class space    used 472K, committed 576K, reserved 1048576K
}
Event: 1.631 GC heap after
{Heap after GC invocations=1 (full 0):
 PSYoungGen      total 29696K, used 3287K [0x00000000d5580000, 0x00000000d7680000, 0x0000000100000000)
  eden space 25600K, 0% used [0x00000000d5580000,0x00000000d5580000,0x00000000d6e80000)
  from space 4096K, 80% used [0x00000000d6e80000,0x00000000d71b5e88,0x00000000d7280000)
  to   space 4096K, 0% used [0x00000000d7280000,0x00000000d7280000,0x00000000d7680000)
 ParOldGen       total 68608K, used 16K [0x0000000080000000, 0x0000000084300000, 0x00000000d5580000)
  object space 68608K, 0% used [0x0000000080000000,0x0000000080004000,0x0000000084300000)
 Metaspace       used 4321K, committed 4544K, reserved 1114112K
  class space    used 472K, committed 576K, reserved 1048576K
}
Event: 2.698 GC heap before
{Heap before GC invocations=2 (full 0):
 PSYoungGen      total 29696K, used 28887K [0x00000000d5580000, 0x00000000d7680000, 0x0000000100000000)
  eden space 25600K, 100% used [0x00000000d5580000,0x00000000d6e80000,0x00000000d6e80000)
  from space 4096K, 80% used [0x00000000d6e80000,0x00000000d71b5e88,0x00000000d7280000)
  to   space 4096K, 0% used [0x00000000d7280000,0x00000000d7280000,0x00000000d7680000)
 ParOldGen       total 68608K, used 16K [0x0000000080000000, 0x0000000084300000, 0x00000000d5580000)
  object space 68608K, 0% used [0x0000000080000000,0x0000000080004000,0x0000000084300000)
 Metaspace       used 8108K, committed 8384K, reserved 1114112K
  class space    used 862K, committed 960K, reserved 1048576K
}
Event: 2.705 GC heap after
{Heap after GC invocations=2 (full 0):
 PSYoungGen      total 29696K, used 4091K [0x00000000d5580000, 0x00000000d7680000, 0x0000000100000000)
  eden space 25600K, 0% used [0x00000000d5580000,0x00000000d5580000,0x00000000d6e80000)
  from space 4096K, 99% used [0x00000000d7280000,0x00000000d767efe8,0x00000000d7680000)
  to   space 4096K, 0% used [0x00000000d6e80000,0x00000000d6e80000,0x00000000d7280000)
 ParOldGen       total 68608K, used 1093K [0x0000000080000000, 0x0000000084300000, 0x00000000d5580000)
  object space 68608K, 1% used [0x0000000080000000,0x00000000801116b8,0x0000000084300000)
 Metaspace       used 8108K, committed 8384K, reserved 1114112K
  class space    used 862K, committed 960K, reserved 1048576K
}
Event: 3.512 GC heap before
{Heap before GC invocations=3 (full 0):
 PSYoungGen      total 29696K, used 29691K [0x00000000d5580000, 0x00000000d7680000, 0x0000000100000000)
  eden space 25600K, 100% used [0x00000000d5580000,0x00000000d6e80000,0x00000000d6e80000)
  from space 4096K, 99% used [0x00000000d7280000,0x00000000d767efe8,0x00000000d7680000)
  to   space 4096K, 0% used [0x00000000d6e80000,0x00000000d6e80000,0x00000000d7280000)
 ParOldGen       total 68608K, used 1093K [0x0000000080000000, 0x0000000084300000, 0x00000000d5580000)
  object space 68608K, 1% used [0x0000000080000000,0x00000000801116b8,0x0000000084300000)
 Metaspace       used 12912K, committed 13440K, reserved 1114112K
  class space    used 1369K, committed 1600K, reserved 1048576K
}
Event: 3.519 GC heap after
{Heap after GC invocations=3 (full 0):
 PSYoungGen      total 29696K, used 4079K [0x00000000d5580000, 0x00000000d7680000, 0x0000000100000000)
  eden space 25600K, 0% used [0x00000000d5580000,0x00000000d5580000,0x00000000d6e80000)
  from space 4096K, 99% used [0x00000000d6e80000,0x00000000d727bf30,0x00000000d7280000)
  to   space 4096K, 0% used [0x00000000d7280000,0x00000000d7280000,0x00000000d7680000)
 ParOldGen       total 68608K, used 2899K [0x0000000080000000, 0x0000000084300000, 0x00000000d5580000)
  object space 68608K, 4% used [0x0000000080000000,0x00000000802d4ff8,0x0000000084300000)
 Metaspace       used 12912K, committed 13440K, reserved 1114112K
  class space    used 1369K, committed 1600K, reserved 1048576K
}

Dll operation events (10 events):
Event: 0.094 Loaded shared library c:\Users\kieul\.vscode\extensions\redhat.java-1.51.0-win32-x64\jre\21.0.9-win32-x86_64\bin\java.dll
Event: 0.332 Loaded shared library c:\Users\kieul\.vscode\extensions\redhat.java-1.51.0-win32-x64\jre\21.0.9-win32-x86_64\bin\zip.dll
Event: 0.373 Loaded shared library C:\Users\kieul\.vscode\extensions\redhat.java-1.51.0-win32-x64\jre\21.0.9-win32-x86_64\bin\instrument.dll
Event: 0.387 Loaded shared library C:\Users\kieul\.vscode\extensions\redhat.java-1.51.0-win32-x64\jre\21.0.9-win32-x86_64\bin\net.dll
Event: 0.395 Loaded shared library C:\Users\kieul\.vscode\extensions\redhat.java-1.51.0-win32-x64\jre\21.0.9-win32-x86_64\bin\nio.dll
Event: 0.399 Loaded shared library C:\Users\kieul\.vscode\extensions\redhat.java-1.51.0-win32-x64\jre\21.0.9-win32-x86_64\bin\zip.dll
Event: 0.452 Loaded shared library C:\Users\kieul\.vscode\extensions\redhat.java-1.51.0-win32-x64\jre\21.0.9-win32-x86_64\bin\jimage.dll
Event: 0.664 Loaded shared library c:\Users\kieul\.vscode\extensions\redhat.java-1.51.0-win32-x64\jre\21.0.9-win32-x86_64\bin\verify.dll
Event: 2.677 Loaded shared library C:\Users\kieul\AppData\Roaming\Code\User\globalStorage\redhat.java\1.51.0\config_ss_win\org.eclipse.equinox.launcher\org.eclipse.equinox.launcher.win32.win32.x86_64_1.2.1400.v20250801-0854\eclipse_11916.dll
Event: 3.959 Loaded shared library C:\Users\kieul\AppData\Local\Temp\jna-3571\jna10353054234065635417.dll

Deoptimization events (20 events):
Event: 3.873 Thread 0x0000025973d7e800 Uncommon trap: trap_request=0xffffff45 fr.pc=0x00000259255a9cac relative=0x000000000000068c
Event: 3.873 Thread 0x0000025973d7e800 Uncommon trap: reason=unstable_if action=reinterpret pc=0x00000259255a9cac method=java.lang.String.replace(Ljava/lang/CharSequence;Ljava/lang/CharSequence;)Ljava/lang/String; @ 42 c2
Event: 3.873 Thread 0x0000025973d7e800 DEOPT PACKING pc=0x00000259255a9cac sp=0x000000b3399f7bc0
Event: 3.873 Thread 0x0000025973d7e800 DEOPT UNPACKING pc=0x0000025925026da2 sp=0x000000b3399f7b40 mode 2
Event: 4.005 Thread 0x0000025973d7e800 Uncommon trap: trap_request=0xffffffc6 fr.pc=0x000002592561e6ac relative=0x0000000000000bac
Event: 4.005 Thread 0x0000025973d7e800 Uncommon trap: reason=bimorphic_or_optimized_type_check action=maybe_recompile pc=0x000002592561e6ac method=java.util.HashMap.putVal(ILjava/lang/Object;Ljava/lang/Object;ZZ)Ljava/lang/Object; @ 91 c2
Event: 4.005 Thread 0x0000025973d7e800 DEOPT PACKING pc=0x000002592561e6ac sp=0x000000b3399f8240
Event: 4.005 Thread 0x0000025973d7e800 DEOPT UNPACKING pc=0x0000025925026da2 sp=0x000000b3399f8168 mode 2
Event: 4.021 Thread 0x0000025973d7e800 Uncommon trap: trap_request=0xffffffcc fr.pc=0x000002592567989c relative=0x000000000000035c
Event: 4.021 Thread 0x0000025973d7e800 Uncommon trap: reason=intrinsic_or_type_checked_inlining action=make_not_entrant pc=0x000002592567989c method=java.util.Arrays.copyOf([Ljava/lang/Object;ILjava/lang/Class;)[Ljava/lang/Object; @ 35 c2
Event: 4.021 Thread 0x0000025973d7e800 DEOPT PACKING pc=0x000002592567989c sp=0x000000b3399f9700
Event: 4.022 Thread 0x0000025973d7e800 DEOPT UNPACKING pc=0x0000025925026da2 sp=0x000000b3399f9690 mode 2
Event: 4.039 Thread 0x0000025973d7e800 Uncommon trap: trap_request=0xffffff45 fr.pc=0x0000025925674f24 relative=0x0000000000000084
Event: 4.039 Thread 0x0000025973d7e800 Uncommon trap: reason=unstable_if action=reinterpret pc=0x0000025925674f24 method=java.lang.ref.SoftReference.get()Ljava/lang/Object; @ 6 c2
Event: 4.039 Thread 0x0000025973d7e800 DEOPT PACKING pc=0x0000025925674f24 sp=0x000000b3399f9ac0
Event: 4.039 Thread 0x0000025973d7e800 DEOPT UNPACKING pc=0x0000025925026da2 sp=0x000000b3399f9a58 mode 2
Event: 4.165 Thread 0x0000025973d7e800 Uncommon trap: trap_request=0xffffff45 fr.pc=0x00000259256762d4 relative=0x0000000000000b94
Event: 4.165 Thread 0x0000025973d7e800 Uncommon trap: reason=unstable_if action=reinterpret pc=0x00000259256762d4 method=jdk.internal.org.objectweb.asm.Frame.execute(IILjdk/internal/org/objectweb/asm/Symbol;Ljdk/internal/org/objectweb/asm/SymbolTable;)V @ 1 c2
Event: 4.165 Thread 0x0000025973d7e800 DEOPT PACKING pc=0x00000259256762d4 sp=0x000000b3399f83a0
Event: 4.165 Thread 0x0000025973d7e800 DEOPT UNPACKING pc=0x0000025925026da2 sp=0x000000b3399f8328 mode 2

Classes loaded (20 events):
Event: 4.031 Loading class java/util/function/LongUnaryOperator
Event: 4.032 Loading class java/util/function/LongUnaryOperator done
Event: 4.032 Loading class java/lang/ThreadDeath
Event: 4.032 Loading class java/lang/ThreadDeath done
Event: 4.043 Loading class java/util/stream/SortedOps$SizedRefSortingSink
Event: 4.043 Loading class java/util/stream/SortedOps$SizedRefSortingSink done
Event: 4.075 Loading class java/util/concurrent/atomic/Striped64$1
Event: 4.075 Loading class java/util/concurrent/atomic/Striped64$1 done
Event: 4.094 Loading class java/net/Authenticator
Event: 4.095 Loading class java/net/Authenticator done
Event: 4.111 Loading class java/net/SocketAddress
Event: 4.111 Loading class java/net/SocketAddress done
Event: 4.111 Loading class java/net/InetSocketAddress
Event: 4.111 Loading class java/net/InetSocketAddress done
Event: 4.111 Loading class java/nio/channels/AsynchronousByteChannel
Event: 4.111 Loading class java/nio/channels/AsynchronousChannel
Event: 4.111 Loading class java/nio/channels/AsynchronousChannel done
Event: 4.111 Loading class java/nio/channels/AsynchronousByteChannel done
Event: 4.168 Loading class java/util/Collections$UnmodifiableSortedSet
Event: 4.168 Loading class java/util/Collections$UnmodifiableSortedSet done

Classes unloaded (0 events):
No events

Classes redefined (0 events):
No events

Internal exceptions (20 events):
Event: 3.983 Thread 0x0000025973d7e800 Exception <a 'java/lang/NoSuchMethodError'{0x00000000d63d2a90}: 'void java.lang.invoke.DirectMethodHandle$Holder.invokeSpecial(java.lang.Object, java.lang.Object, java.lang.Object, int)'> (0x00000000d63d2a90) 
thrown [s\src\hotspot\share\interpreter\linkResolver.cpp, line 773]
Event: 3.983 Thread 0x0000025973d7e800 Exception <a 'java/lang/NoSuchMethodError'{0x00000000d63d6420}: 'void java.lang.invoke.DelegatingMethodHandle$Holder.reinvoke_L(java.lang.Object, java.lang.Object, int)'> (0x00000000d63d6420) 
thrown [s\src\hotspot\share\interpreter\linkResolver.cpp, line 773]
Event: 3.984 Thread 0x0000025973d7e800 Exception <a 'java/lang/NoSuchMethodError'{0x00000000d63dd108}: 'int java.lang.invoke.Invokers$Holder.invokeExact_MT(java.lang.Object, java.lang.Object, java.lang.Object)'> (0x00000000d63dd108) 
thrown [s\src\hotspot\share\interpreter\linkResolver.cpp, line 773]
Event: 4.007 Thread 0x0000025973d7e800 Exception <a 'java/lang/NoSuchMethodError'{0x00000000d64efbe8}: 'void java.lang.invoke.Invokers$Holder.invokeExact_MT(java.lang.Object, java.lang.Object, int, java.lang.Object)'> (0x00000000d64efbe8) 
thrown [s\src\hotspot\share\interpreter\linkResolver.cpp, line 773]
Event: 4.029 Thread 0x0000025973d7e800 Exception <a 'java/lang/NoSuchMethodError'{0x00000000d65ebe68}: 'java.lang.Object java.lang.invoke.DirectMethodHandle$Holder.invokeSpecial(java.lang.Object, java.lang.Object, java.lang.Object, long, java.lang.Object)'> (0x00000000d65ebe68) 
thrown [s\src\hotspot\share\interpreter\linkResolver.cpp, line 773]
Event: 4.030 Thread 0x0000025973d7e800 Exception <a 'java/lang/NoSuchMethodError'{0x00000000d65f36b0}: 'java.lang.Object java.lang.invoke.DirectMethodHandle$Holder.newInvokeSpecial(java.lang.Object, java.lang.Object, java.lang.Object, long)'> (0x00000000d65f36b0) 
thrown [s\src\hotspot\share\interpreter\linkResolver.cpp, line 773]
Event: 4.030 Thread 0x0000025973d7e800 Exception <a 'java/lang/NoSuchMethodError'{0x00000000d65f7cb0}: 'java.lang.Object java.lang.invoke.DirectMethodHandle$Holder.invokeSpecial(java.lang.Object, java.lang.Object, java.lang.Object, java.lang.Object, long)'> (0x00000000d65f7cb0) 
thrown [s\src\hotspot\share\interpreter\linkResolver.cpp, line 773]
Event: 4.031 Thread 0x0000025973d7e800 Exception <a 'java/lang/NoSuchMethodError'{0x00000000d65fb8d0}: 'java.lang.Object java.lang.invoke.Invokers$Holder.linkToTargetMethod(java.lang.Object, java.lang.Object, long, java.lang.Object)'> (0x00000000d65fb8d0) 
thrown [s\src\hotspot\share\interpreter\linkResolver.cpp, line 773]
Event: 4.041 Thread 0x0000025973d7e800 Exception <a 'java/lang/NoSuchMethodError'{0x00000000d666d690}: 'int java.lang.invoke.DirectMethodHandle$Holder.invokeStaticInit(java.lang.Object, java.lang.Object, java.lang.Object)'> (0x00000000d666d690) 
thrown [s\src\hotspot\share\interpreter\linkResolver.cpp, line 773]
Event: 4.052 Thread 0x0000025973d7e800 Exception <a 'java/lang/IncompatibleClassChangeError'{0x00000000d66fd188}: Found class java.lang.Object, but interface was expected> (0x00000000d66fd188) 
thrown [s\src\hotspot\share\interpreter\linkResolver.cpp, line 840]
Event: 4.056 Thread 0x0000025973d7e800 Exception <a 'java/lang/NoSuchMethodError'{0x00000000d670fa00}: 'java.lang.Object java.lang.invoke.DirectMethodHandle$Holder.invokeSpecial(java.lang.Object, java.lang.Object, java.lang.Object, int, java.lang.Object, java.lang.Object)'> (0x00000000d670fa00) 
thrown [s\src\hotspot\share\interpreter\linkResolver.cpp, line 773]
Event: 4.056 Thread 0x0000025973d7e800 Exception <a 'java/lang/NoSuchMethodError'{0x00000000d67174d8}: 'java.lang.Object java.lang.invoke.DirectMethodHandle$Holder.newInvokeSpecial(java.lang.Object, java.lang.Object, java.lang.Object, int, java.lang.Object)'> (0x00000000d67174d8) 
thrown [s\src\hotspot\share\interpreter\linkResolver.cpp, line 773]
Event: 4.057 Thread 0x0000025973d7e800 Exception <a 'java/lang/NoSuchMethodError'{0x00000000d671b458}: 'java.lang.Object java.lang.invoke.DirectMethodHandle$Holder.invokeSpecial(java.lang.Object, java.lang.Object, java.lang.Object, java.lang.Object, int, java.lang.Object)'> (0x00000000d671b458) 
thrown [s\src\hotspot\share\interpreter\linkResolver.cpp, line 773]
Event: 4.057 Thread 0x0000025973d7e800 Exception <a 'java/lang/NoSuchMethodError'{0x00000000d671ef98}: 'java.lang.Object java.lang.invoke.Invokers$Holder.linkToTargetMethod(java.lang.Object, java.lang.Object, int, java.lang.Object, java.lang.Object)'> (0x00000000d671ef98) 
thrown [s\src\hotspot\share\interpreter\linkResolver.cpp, line 773]
Event: 4.058 Thread 0x0000025973d7e170 Exception <a 'java/lang/NoSuchMethodError'{0x00000000d662f790}: 'java.lang.Object java.lang.invoke.DirectMethodHandle$Holder.invokeSpecial(java.lang.Object, java.lang.Object, int, java.lang.Object, java.lang.Object)'> (0x00000000d662f790) 
thrown [s\src\hotspot\share\interpreter\linkResolver.cpp, line 773]
Event: 4.058 Thread 0x0000025973d7e170 Exception <a 'java/lang/NoSuchMethodError'{0x00000000d66364c8}: 'java.lang.Object java.lang.invoke.DirectMethodHandle$Holder.newInvokeSpecial(java.lang.Object, java.lang.Object, int, java.lang.Object)'> (0x00000000d66364c8) 
thrown [s\src\hotspot\share\interpreter\linkResolver.cpp, line 773]
Event: 4.058 Thread 0x0000025973d7e170 Exception <a 'java/lang/NoSuchMethodError'{0x00000000d6639da8}: 'java.lang.Object java.lang.invoke.DirectMethodHandle$Holder.invokeSpecial(java.lang.Object, java.lang.Object, java.lang.Object, int, java.lang.Object)'> (0x00000000d6639da8) 
thrown [s\src\hotspot\share\interpreter\linkResolver.cpp, line 773]
Event: 4.080 Thread 0x0000025973d7e800 Exception <a 'java/lang/NoSuchMethodError'{0x00000000d683d338}: 'void java.lang.invoke.DirectMethodHandle$Holder.invokeSpecial(java.lang.Object, java.lang.Object, java.lang.Object, java.lang.Object, java.lang.Object)'> (0x00000000d683d338) 
thrown [s\src\hotspot\share\interpreter\linkResolver.cpp, line 773]
Event: 4.165 Thread 0x0000025973d7e800 Exception <a 'java/lang/NoSuchMethodError'{0x00000000d6b25440}: 'double java.lang.invoke.DirectMethodHandle$Holder.invokeStatic(java.lang.Object, java.lang.Object)'> (0x00000000d6b25440) 
thrown [s\src\hotspot\share\interpreter\linkResolver.cpp, line 773]
Event: 4.165 Thread 0x0000025973d7e800 Exception <a 'java/lang/NoSuchMethodError'{0x00000000d6b28b00}: 'double java.lang.invoke.DirectMethodHandle$Holder.invokeStaticInit(java.lang.Object, java.lang.Object)'> (0x00000000d6b28b00) 
thrown [s\src\hotspot\share\interpreter\linkResolver.cpp, line 773]

ZGC Phase Switch (0 events):
No events

VM Operations (20 events):
Event: 2.382 Executing VM operation: HandshakeAllThreads (Deoptimize)
Event: 2.382 Executing VM operation: HandshakeAllThreads (Deoptimize) done
Event: 2.401 Executing VM operation: HandshakeAllThreads (Deoptimize)
Event: 2.401 Executing VM operation: HandshakeAllThreads (Deoptimize) done
Event: 2.698 Executing VM operation: ParallelGCFailedAllocation (Allocation Failure)
Event: 2.705 Executing VM operation: ParallelGCFailedAllocation (Allocation Failure) done
Event: 2.947 Executing VM operation: HandshakeAllThreads (Deoptimize)
Event: 2.947 Executing VM operation: HandshakeAllThreads (Deoptimize) done
Event: 3.312 Executing VM operation: HandshakeAllThreads (Deoptimize)
Event: 3.312 Executing VM operation: HandshakeAllThreads (Deoptimize) done
Event: 3.512 Executing VM operation: ParallelGCFailedAllocation (Allocation Failure)
Event: 3.519 Executing VM operation: ParallelGCFailedAllocation (Allocation Failure) done
Event: 3.621 Executing VM operation: HandshakeAllThreads (Deoptimize)
Event: 3.621 Executing VM operation: HandshakeAllThreads (Deoptimize) done
Event: 3.630 Executing VM operation: HandshakeAllThreads (Deoptimize)
Event: 3.630 Executing VM operation: HandshakeAllThreads (Deoptimize) done
Event: 3.662 Executing VM operation: HandshakeAllThreads (Deoptimize)
Event: 3.662 Executing VM operation: HandshakeAllThreads (Deoptimize) done
Event: 3.968 Executing VM operation: HandshakeAllThreads (Deoptimize)
Event: 3.968 Executing VM operation: HandshakeAllThreads (Deoptimize) done

Memory protections (0 events):
No events

Nmethod flushes (0 events):
No events

Events (20 events):
Event: 0.252 Thread 0x000002591a89b050 Thread added: 0x000002591a81f380
Event: 0.252 Thread 0x000002591a89b050 Thread added: 0x000002591a82a030
Event: 0.253 Thread 0x000002591a89b050 Thread added: 0x000002591a831640
Event: 0.379 Thread 0x000002591a89b050 Thread added: 0x0000025973d7ee90
Event: 0.652 Thread 0x000002591a831640 Thread added: 0x0000025973ed4540
Event: 0.841 Thread 0x000002591a89b050 Thread added: 0x0000025973d7f520
Event: 1.016 Thread 0x0000025973ed4540 Thread added: 0x0000025973ed3d50
Event: 2.262 Thread 0x0000025973ed3d50 Thread exited: 0x0000025973ed3d50
Event: 2.278 Thread 0x000002591a89b050 Thread added: 0x0000025973d80240
Event: 2.659 Thread 0x000002591a89b050 Thread added: 0x0000025973d80f60
Event: 2.665 Thread 0x000002591a89b050 Thread added: 0x0000025973d7e800
Event: 2.767 Thread 0x0000025973ed4540 Thread exited: 0x0000025973ed4540
Event: 2.921 Thread 0x0000025973d7e800 Thread added: 0x0000025973d7fbb0
Event: 3.076 Thread 0x000002591a831640 Thread added: 0x0000025978a11fd0
Event: 3.076 Thread 0x000002591a831640 Thread added: 0x0000025978a12bf0
Event: 3.367 Thread 0x0000025973d7e800 Thread added: 0x0000025973d808d0
Event: 3.837 Thread 0x0000025978a12bf0 Thread exited: 0x0000025978a12bf0
Event: 3.994 Thread 0x0000025973d7e800 Thread added: 0x0000025973d815f0
Event: 4.034 Thread 0x0000025973d7e800 Thread added: 0x0000025973d7e170
Event: 4.058 Thread 0x0000025973d7e800 Thread added: 0x0000025978ca46c0


Dynamic libraries:
0x00007ff678e10000 - 0x00007ff678e1e000 	c:\Users\kieul\.vscode\extensions\redhat.java-1.51.0-win32-x64\jre\21.0.9-win32-x86_64\bin\java.exe
0x00007fff7cbc0000 - 0x00007fff7ce27000 	C:\WINDOWS\SYSTEM32\ntdll.dll
0x00007fff7afe0000 - 0x00007fff7b0a9000 	C:\WINDOWS\System32\KERNEL32.DLL
0x00007fff79e60000 - 0x00007fff7a24f000 	C:\WINDOWS\System32\KERNELBASE.dll
0x00007fff7a410000 - 0x00007fff7a55b000 	C:\WINDOWS\System32\ucrtbase.dll
0x00007fff6a380000 - 0x00007fff6a398000 	c:\Users\kieul\.vscode\extensions\redhat.java-1.51.0-win32-x64\jre\21.0.9-win32-x86_64\bin\jli.dll
0x00007fff72a20000 - 0x00007fff72a3e000 	c:\Users\kieul\.vscode\extensions\redhat.java-1.51.0-win32-x64\jre\21.0.9-win32-x86_64\bin\VCRUNTIME140.dll
0x00007fff7ae10000 - 0x00007fff7afd5000 	C:\WINDOWS\System32\USER32.dll
0x00007fff7a260000 - 0x00007fff7a287000 	C:\WINDOWS\System32\win32u.dll
0x00007fff5e330000 - 0x00007fff5e5c3000 	C:\WINDOWS\WinSxS\amd64_microsoft.windows.common-controls_6595b64144ccf1df_6.0.26100.7309_none_3e05feeae336a044\COMCTL32.dll
0x00007fff7b1c0000 - 0x00007fff7b1eb000 	C:\WINDOWS\System32\GDI32.dll
0x00007fff7cac0000 - 0x00007fff7cb69000 	C:\WINDOWS\System32\msvcrt.dll
0x00007fff7a830000 - 0x00007fff7a95c000 	C:\WINDOWS\System32\gdi32full.dll
0x00007fff7a6d0000 - 0x00007fff7a773000 	C:\WINDOWS\System32\msvcp_win.dll
0x00007fff7a960000 - 0x00007fff7a991000 	C:\WINDOWS\System32\IMM32.DLL
0x00007fff749d0000 - 0x00007fff749dc000 	c:\Users\kieul\.vscode\extensions\redhat.java-1.51.0-win32-x64\jre\21.0.9-win32-x86_64\bin\vcruntime140_1.dll
0x00007fff61bd0000 - 0x00007fff61c5d000 	c:\Users\kieul\.vscode\extensions\redhat.java-1.51.0-win32-x64\jre\21.0.9-win32-x86_64\bin\msvcp140.dll
0x00007ffef0300000 - 0x00007ffef10a0000 	c:\Users\kieul\.vscode\extensions\redhat.java-1.51.0-win32-x64\jre\21.0.9-win32-x86_64\bin\server\jvm.dll
0x00007fff7acf0000 - 0x00007fff7ada4000 	C:\WINDOWS\System32\ADVAPI32.dll
0x00007fff7c0c0000 - 0x00007fff7c166000 	C:\WINDOWS\System32\sechost.dll
0x00007fff7ab40000 - 0x00007fff7ac58000 	C:\WINDOWS\System32\RPCRT4.dll
0x00007fff7c170000 - 0x00007fff7c1e4000 	C:\WINDOWS\System32\WS2_32.dll
0x00007fff706f0000 - 0x00007fff706fb000 	C:\WINDOWS\SYSTEM32\VERSION.dll
0x00007fff708e0000 - 0x00007fff70915000 	C:\WINDOWS\SYSTEM32\WINMM.dll
0x00007fff79b70000 - 0x00007fff79bce000 	C:\WINDOWS\SYSTEM32\POWRPROF.dll
0x00007fff79b50000 - 0x00007fff79b64000 	C:\WINDOWS\SYSTEM32\UMPDC.dll
0x00007fff78ac0000 - 0x00007fff78adb000 	C:\WINDOWS\SYSTEM32\kernel.appcore.dll
0x00007fff6a370000 - 0x00007fff6a37a000 	c:\Users\kieul\.vscode\extensions\redhat.java-1.51.0-win32-x64\jre\21.0.9-win32-x86_64\bin\jimage.dll
0x00007fff772d0000 - 0x00007fff77512000 	C:\WINDOWS\SYSTEM32\DBGHELP.DLL
0x00007fff7b3d0000 - 0x00007fff7b755000 	C:\WINDOWS\System32\combase.dll
0x00007fff7b760000 - 0x00007fff7b836000 	C:\WINDOWS\System32\OLEAUT32.dll
0x00007fff51b40000 - 0x00007fff51b7c000 	C:\WINDOWS\SYSTEM32\dbgcore.DLL
0x00007fff7a780000 - 0x00007fff7a825000 	C:\WINDOWS\System32\bcryptPrimitives.dll
0x00007fff6a050000 - 0x00007fff6a05f000 	c:\Users\kieul\.vscode\extensions\redhat.java-1.51.0-win32-x64\jre\21.0.9-win32-x86_64\bin\instrument.dll
0x00007fff6a060000 - 0x00007fff6a080000 	c:\Users\kieul\.vscode\extensions\redhat.java-1.51.0-win32-x64\jre\21.0.9-win32-x86_64\bin\java.dll
0x00007fff7b940000 - 0x00007fff7c093000 	C:\WINDOWS\System32\SHELL32.dll
0x00007fff7a560000 - 0x00007fff7a6ca000 	C:\WINDOWS\System32\wintypes.dll
0x00007fff778e0000 - 0x00007fff7813e000 	C:\WINDOWS\SYSTEM32\windows.storage.dll
0x00007fff7c1f0000 - 0x00007fff7c2e5000 	C:\WINDOWS\System32\SHCORE.dll
0x00007fff7b360000 - 0x00007fff7b3c6000 	C:\WINDOWS\System32\shlwapi.dll
0x00007fff79c30000 - 0x00007fff79c59000 	C:\WINDOWS\SYSTEM32\profapi.dll
0x00007fff688a0000 - 0x00007fff688b8000 	c:\Users\kieul\.vscode\extensions\redhat.java-1.51.0-win32-x64\jre\21.0.9-win32-x86_64\bin\zip.dll
0x00007fff61d20000 - 0x00007fff61d30000 	C:\Users\kieul\.vscode\extensions\redhat.java-1.51.0-win32-x64\jre\21.0.9-win32-x86_64\bin\net.dll
0x00007fff73440000 - 0x00007fff73568000 	C:\WINDOWS\SYSTEM32\WINHTTP.dll
0x00007fff79030000 - 0x00007fff7909b000 	C:\WINDOWS\system32\mswsock.dll
0x00007fff61bb0000 - 0x00007fff61bc6000 	C:\Users\kieul\.vscode\extensions\redhat.java-1.51.0-win32-x64\jre\21.0.9-win32-x86_64\bin\nio.dll
0x00007fff61d10000 - 0x00007fff61d20000 	c:\Users\kieul\.vscode\extensions\redhat.java-1.51.0-win32-x64\jre\21.0.9-win32-x86_64\bin\verify.dll
0x00007fff61b60000 - 0x00007fff61ba4000 	C:\Users\kieul\AppData\Roaming\Code\User\globalStorage\redhat.java\1.51.0\config_ss_win\org.eclipse.equinox.launcher\org.eclipse.equinox.launcher.win32.win32.x86_64_1.2.1400.v20250801-0854\eclipse_11916.dll
0x00007fff7a9a0000 - 0x00007fff7ab37000 	C:\WINDOWS\System32\ole32.dll
0x00007fff792f0000 - 0x00007fff7930b000 	C:\WINDOWS\SYSTEM32\CRYPTSP.dll
0x00007fff78a20000 - 0x00007fff78a5a000 	C:\WINDOWS\system32\rsaenh.dll
0x00007fff790e0000 - 0x00007fff7910b000 	C:\WINDOWS\SYSTEM32\USERENV.dll
0x00007fff79c00000 - 0x00007fff79c2a000 	C:\WINDOWS\SYSTEM32\bcrypt.dll
0x00007fff79310000 - 0x00007fff7931c000 	C:\WINDOWS\SYSTEM32\CRYPTBASE.dll
0x00007fff78490000 - 0x00007fff784c4000 	C:\WINDOWS\SYSTEM32\IPHLPAPI.DLL
0x00007fff7c960000 - 0x00007fff7c96a000 	C:\WINDOWS\System32\NSI.dll
0x00007fff60f30000 - 0x00007fff60f79000 	C:\Users\kieul\AppData\Local\Temp\jna-3571\jna10353054234065635417.dll
0x00007fff7cab0000 - 0x00007fff7cab8000 	C:\WINDOWS\System32\PSAPI.DLL

JVMTI agents:
c:\Users\kieul\.vscode\extensions\redhat.java-1.51.0-win32-x64\lombok\lombok-1.18.39-4050.jar path:c:\Users\kieul\.vscode\extensions\redhat.java-1.51.0-win32-x64\jre\21.0.9-win32-x86_64\bin\instrument.dll, loaded, initialized, instrumentlib options:none

dbghelp: loaded successfully - version: 4.0.5 - missing functions: none
symbol engine: initialized successfully - sym options: 0x614 - pdb path: .;c:\Users\kieul\.vscode\extensions\redhat.java-1.51.0-win32-x64\jre\21.0.9-win32-x86_64\bin;C:\WINDOWS\SYSTEM32;C:\WINDOWS\WinSxS\amd64_microsoft.windows.common-controls_6595b64144ccf1df_6.0.26100.7309_none_3e05feeae336a044;c:\Users\kieul\.vscode\extensions\redhat.java-1.51.0-win32-x64\jre\21.0.9-win32-x86_64\bin\server;C:\Users\kieul\AppData\Roaming\Code\User\globalStorage\redhat.java\1.51.0\config_ss_win\org.eclipse.equinox.launcher\org.eclipse.equinox.launcher.win32.win32.x86_64_1.2.1400.v20250801-0854;C:\Users\kieul\AppData\Local\Temp\jna-3571

VM Arguments:
jvm_args: --add-modules=ALL-SYSTEM --add-opens=java.base/java.util=ALL-UNNAMED --add-opens=java.base/java.lang=ALL-UNNAMED --add-opens=java.base/sun.nio.fs=ALL-UNNAMED -Declipse.application=org.eclipse.jdt.ls.core.id1 -Dosgi.bundles.defaultStartLevel=4 -Declipse.product=org.eclipse.jdt.ls.core.product -Djava.import.generatesMetadataFilesAtProjectRoot=false -DDetectVMInstallationsJob.disabled=true -Dfile.encoding=utf8 -XX:+UseParallelGC -XX:GCTimeRatio=4 -XX:AdaptiveSizePolicyWeight=90 -Dsun.zip.disableMemoryMapping=true -Xmx2G -Xms100m -Xlog:disable -javaagent:c:\Users\kieul\.vscode\extensions\redhat.java-1.51.0-win32-x64\lombok\lombok-1.18.39-4050.jar 
java_command: c:\Users\kieul\.vscode\extensions\redhat.java-1.51.0-win32-x64\server\plugins\org.eclipse.equinox.launcher_1.7.100.v20251111-0406.jar -configuration c:\Users\kieul\AppData\Roaming\Code\User\globalStorage\redhat.java\1.51.0\config_ss_win -data c:\Users\kieul\AppData\Roaming\Code\User\workspaceStorage\ccdd0337caa2849990c32feb18a12af6\redhat.java\ss_ws --pipe=\\.\pipe\lsp-b88e4a150f5a6db5c248e97ab819f72f-sock
java_class_path (initial): c:\Users\kieul\.vscode\extensions\redhat.java-1.51.0-win32-x64\server\plugins\org.eclipse.equinox.launcher_1.7.100.v20251111-0406.jar
Launcher Type: SUN_STANDARD

[Global flags]
    uintx AdaptiveSizePolicyWeight                 = 90                                        {product} {command line}
     intx CICompilerCount                          = 4                                         {product} {ergonomic}
    uintx GCTimeRatio                              = 4                                         {product} {command line}
   size_t InitialHeapSize                          = 104857600                                 {product} {command line}
   size_t MaxHeapSize                              = 2147483648                                {product} {command line}
   size_t MaxNewSize                               = 715653120                                 {product} {ergonomic}
   size_t MinHeapDeltaBytes                        = 524288                                    {product} {ergonomic}
   size_t MinHeapSize                              = 104857600                                 {product} {command line}
   size_t NewSize                                  = 34603008                                  {product} {ergonomic}
    uintx NonNMethodCodeHeapSize                   = 5839372                                {pd product} {ergonomic}
    uintx NonProfiledCodeHeapSize                  = 122909434                              {pd product} {ergonomic}
   size_t OldSize                                  = 70254592                                  {product} {ergonomic}
    uintx ProfiledCodeHeapSize                     = 122909434                              {pd product} {ergonomic}
    uintx ReservedCodeCacheSize                    = 251658240                              {pd product} {ergonomic}
     bool SegmentedCodeCache                       = true                                      {product} {ergonomic}
   size_t SoftMaxHeapSize                          = 2147483648                             {manageable} {ergonomic}
     bool UseCompressedOops                        = true                           {product lp64_product} {ergonomic}
     bool UseLargePagesIndividualAllocation        = false                                  {pd product} {ergonomic}
     bool UseParallelGC                            = true                                      {product} {command line}

Logging:
Log output configuration:
 #0: stdout all=off uptime,level,tags foldmultilines=false
 #1: stderr all=off uptime,level,tags foldmultilines=false

Release file:
JAVA_VERSION="21.0.9" 
MODULES="java.base java.compiler java.datatransfer java.xml java.prefs java.desktop java.instrument java.logging java.management java.security.sasl java.naming java.rmi java.management.rmi java.net.http java.scripting java.security.jgss java.transaction.xa java.sql java.sql.rowset java.xml.crypto java.se java.smartcardio jdk.accessibility jdk.internal.jvmstat jdk.attach jdk.charsets jdk.internal.opt jdk.zipfs jdk.compiler jdk.crypto.ec jdk.crypto.cryptoki jdk.crypto.mscapi jdk.dynalink jdk.internal.ed jdk.editpad jdk.hotspot.agent jdk.httpserver jdk.internal.le jdk.internal.vm.ci jdk.internal.vm.compiler jdk.internal.vm.compiler.management jdk.jartool jdk.javadoc jdk.jcmd jdk.management jdk.management.agent jdk.jconsole jdk.jdeps jdk.jdwp.agent jdk.jdi jdk.jfr jdk.jshell jdk.jsobject jdk.jstatd jdk.localedata jdk.management.jfr jdk.naming.dns jdk.naming.rmi jdk.net jdk.nio.mapmode jdk.random jdk.sctp jdk.security.auth jdk.security.jgss jdk.unsupported jdk.unsupported.desktop jdk.xml.dom" 

Environment Variables:
JAVA_HOME=C:\Program Files\Java\jdk-17
PATH=C:\Program Files\Common Files\Oracle\Java\javapath;C:\Program Files (x86)\Common Files\Oracle\Java\javapath;C:\WINDOWS\system32;C:\WINDOWS;C:\WINDOWS\System32\Wbem;C:\WINDOWS\System32\WindowsPowerShell\v1.0\;C:\WINDOWS\System32\OpenSSH\;C:\Program Files (x86)\Microsoft SQL Server\160\Tools\Binn\;C:\Program Files\Microsoft SQL Server\160\Tools\Binn\;C:\Program Files\Microsoft SQL Server\Client SDK\ODBC\170\Tools\Binn\;C:\Program Files\Microsoft SQL Server\160\DTS\Binn\;C:\Program Files (x86)\Microsoft SQL Server\160\DTS\Binn\;C:\Program Files\Microsoft SQL Server\150\Tools\Binn\;C:\Program Files\dotnet\;C:\Program Files (x86)\Windows Kits\10\Windows Performance Toolkit\;C:\Program Files\nodejs\;C:\Program Files\Git\cmd;C:\Program Files (x86)\cloudflared\;C:\Program Files\Docker\Docker\resources\bin;C:\Program Files\Cloudflare\Cloudflare WARP\;C:\Program Files\MySQL\MySQL Shell 8.0\bin\;C:\Users\kieul\AppData\Local\Programs\Python\Python313\Scripts\;C:\Users\kieul\AppData\Local\Programs\Python\Python313\;C:\Users\kieul\AppData\Local\Programs\Python\Python310\Scripts\;C:\Users\kieul\AppData\Local\Programs\Python\Python310\;C:\Users\kieul\AppData\Local\Microsoft\WindowsApps;C:\Users\kieul\AppData\Local\Programs\Microsoft VS Code\bin;C:\Users\kieul\.dotnet\tools;C:\Program Files\nodejs\;C:\Users\kieul\AppData\Roaming\npm;C:\Program Files\Java\jdk-17\bin;
USERNAME=pc
OS=Windows_NT
PROCESSOR_IDENTIFIER=Intel64 Family 6 Model 140 Stepping 1, GenuineIntel
TMP=C:\Users\kieul\AppData\Local\Temp
TEMP=C:\Users\kieul\AppData\Local\Temp




Periodic native trim disabled

---------------  S Y S T E M  ---------------

OS:
 Windows 11 , 64 bit Build 26100 (10.0.26100.7309)
OS uptime: 0 days 17:45 hours
Hyper-V role detected

CPU: total 8 (initial active 8) (4 cores per cpu, 2 threads per core) family 6 model 140 stepping 1 microcode 0xbc, cx8, cmov, fxsr, ht, mmx, 3dnowpref, sse, sse2, sse3, ssse3, sse4.1, sse4.2, popcnt, lzcnt, tsc, tscinvbit, avx, avx2, aes, erms, clmul, bmi1, bmi2, adx, avx512f, avx512dq, avx512cd, avx512bw, avx512vl, sha, fma, vzeroupper, avx512_vpopcntdq, avx512_vpclmulqdq, avx512_vaes, avx512_vnni, clflush, clflushopt, clwb, avx512_vbmi2, avx512_vbmi, hv, rdtscp, rdpid, fsrm, gfni, avx512_bitalg, f16c, cet_ibt, cet_ss, avx512_ifma
Processor Information for processor 0
  Max Mhz: 2419, Current Mhz: 2419, Mhz Limit: 2419
Processor Information for processor 1
  Max Mhz: 2419, Current Mhz: 2419, Mhz Limit: 2419
Processor Information for processor 2
  Max Mhz: 2419, Current Mhz: 2419, Mhz Limit: 2419
Processor Information for processor 3
  Max Mhz: 2419, Current Mhz: 1209, Mhz Limit: 2419
Processor Information for processor 4
  Max Mhz: 2419, Current Mhz: 2419, Mhz Limit: 2419
Processor Information for processor 5
  Max Mhz: 2419, Current Mhz: 2419, Mhz Limit: 2419
Processor Information for processor 6
  Max Mhz: 2419, Current Mhz: 1209, Mhz Limit: 2419
Processor Information for processor 7
  Max Mhz: 2419, Current Mhz: 1209, Mhz Limit: 2419

Memory: 4k page, system-wide physical 7926M (647M free)
TotalPageFile size 15862M (AvailPageFile size 0M)
current process WorkingSet (physical memory assigned to process): 124M, peak: 124M
current process commit charge ("private bytes"): 262M, peak: 262M

vm_info: OpenJDK 64-Bit Server VM (21.0.9+10-LTS) for windows-amd64 JRE (21.0.9+10-LTS), built on 2025-10-21T00:00:00Z by "admin" with unknown MS VC++:1942

END.
